<?xml version="1.0" encoding="UTF-8"?>
<testng-results ignored="0" total="1" passed="1" failed="0" skipped="0">
  <reporter-output>
  </reporter-output>
  <suite started-at="2023-09-24T18:23:25 IST" name="Default suite" finished-at="2023-09-24T18:23:28 IST" duration-ms="2339">
    <groups>
    </groups>
    <test started-at="2023-09-24T18:23:25 IST" name="Default test" finished-at="2023-09-24T18:23:28 IST" duration-ms="2339">
      <class name="RestApi.GetClass">
        <test-method signature="getCall()[pri:0, instance:RestApi.GetClass@618425b5]" started-at="2023-09-24T18:23:25 IST" name="getCall" finished-at="2023-09-24T18:23:28 IST" duration-ms="2292" status="PASS">
          <reporter-output>
          </reporter-output>
        </test-method> <!-- getCall -->
      </class> <!-- RestApi.GetClass -->
    </test> <!-- Default test -->
  </suite> <!-- Default suite -->
</testng-results>
